<?xml version="1.0" encoding="UTF-8"?>
<!-- Generated by org.testng.reporters.JUnitReportReporter -->
<testsuite hostname="DESKTOP-9843D13" failures="0" tests="2" name="com.testng.dependsOnGroups" time="0.022" errors="0" timestamp="2024-06-07T19:56:33 IST" skipped="0">
  <testcase classname="com.testng.dependsOnGroups" name="homePage" time="0.017"/>
  <system-out/>
  <testcase classname="com.testng.dependsOnGroups" name="paymentPage" time="0.005"/>
  <system-out/>
</testsuite> <!-- com.testng.dependsOnGroups -->
