<?xml version="1.0" encoding="UTF-8"?>
<!-- Generated by org.testng.reporters.JUnitReportReporter -->
<testsuite hostname="DESKTOP-9843D13" failures="0" tests="3" name="com.testng.InvocationCount" time="0.056" errors="0" timestamp="2024-06-06T19:53:11 IST" skipped="0">
  <testcase classname="com.testng.InvocationCount" name="SearchBar" time="0.028"/>
  <system-out/>
  <testcase classname="com.testng.InvocationCount" name="products" time="0.003"/>
  <system-out/>
  <testcase classname="com.testng.InvocationCount" name="products" time="0.025"/>
  <system-out/>
</testsuite> <!-- com.testng.InvocationCount -->
