<?xml version="1.0" encoding="UTF-8"?>
<!-- Generated by org.testng.reporters.JUnitReportReporter -->
<testsuite hostname="DESKTOP-9843D13" failures="0" tests="3" name="com.testng.PriorityTest" time="0.025" errors="0" timestamp="2024-06-06T19:45:33 IST" skipped="0">
  <testcase classname="com.testng.PriorityTest" name="browserLaunch" time="0.019"/>
  <system-out/>
  <testcase classname="com.testng.PriorityTest" name="login" time="0.003"/>
  <system-out/>
  <testcase classname="com.testng.PriorityTest" name="signUp" time="0.003"/>
  <system-out/>
</testsuite> <!-- com.testng.PriorityTest -->
