<?xml version="1.0" encoding="UTF-8"?>
<!-- Generated by org.testng.reporters.JUnitReportReporter -->
<testsuite hostname="DESKTOP-9843D13" failures="0" tests="2" name="com.testng.IgnoreTest" time="9.295" errors="0" timestamp="2024-06-06T19:33:26 IST" skipped="1">
  <testcase classname="com.testng.IgnoreTest" name="browserLaunch" time="9.295"/>
  <system-out/>
  <testcase classname="com.testng.IgnoreTest" name="userName">
    <skipped/>
  </testcase> <!-- userName -->
  <system-out/>
</testsuite> <!-- com.testng.IgnoreTest -->
