<?xml version="1.0" encoding="UTF-8"?>
<!-- Generated by org.testng.reporters.JUnitReportReporter -->
<testsuite hostname="DESKTOP-9843D13" failures="0" tests="2" name="com.testng.ParallelTest" time="28.270" errors="0" timestamp="2024-08-21T09:43:21 IST" skipped="0">
  <testcase classname="com.testng.ParallelTest" name="launchWithGoogle" time="15.433"/>
  <system-out/>
  <testcase classname="com.testng.ParallelTest" name="launchwithWhatsapp" time="12.837"/>
  <system-out/>
</testsuite> <!-- com.testng.ParallelTest -->
