<?xml version="1.0" encoding="UTF-8"?>
<!-- Generated by org.testng.reporters.JUnitReportReporter -->
<testsuite hostname="DESKTOP-9843D13" failures="0" tests="1" name="com.testng.SimpleAnnotation" time="0.013" errors="0" timestamp="2024-06-06T19:29:10 IST" skipped="0">
  <testcase classname="com.testng.SimpleAnnotation" name="test2" time="0.013"/>
  <system-out/>
</testsuite> <!-- com.testng.SimpleAnnotation -->
