<?xml version="1.0" encoding="UTF-8"?>
<!-- Generated by org.testng.reporters.JUnitReportReporter -->
<testsuite hostname="DESKTOP-9843D13" failures="0" tests="2" name="com.testng.ExceptionTest" time="0.030" errors="0" timestamp="2024-06-07T19:07:37 IST" skipped="0">
  <testcase classname="com.testng.ExceptionTest" name="method2" time="0.002"/>
  <system-out/>
  <testcase classname="com.testng.ExceptionTest" name="method1" time="0.028"/>
  <system-out/>
</testsuite> <!-- com.testng.ExceptionTest -->
